[12-Sep-2022 00:57:18 UTC] PHP Warning:  mysqli_connect(): (HY000/1045): Access denied for user 'root'@'localhost' (using password: NO) in C:\Users\WoZymandias\AppData\Roaming\Appsolute\MAMP\pscripts\file-39452e33-e76e-4620-9493-6c32cb6c23ac.php on line 3
[12-Sep-2022 00:57:18 UTC] PHP Warning:  mysqli_query() expects parameter 1 to be mysqli, boolean given in C:\Users\WoZymandias\AppData\Roaming\Appsolute\MAMP\pscripts\file-39452e33-e76e-4620-9493-6c32cb6c23ac.php on line 12
[12-Sep-2022 00:57:18 UTC] PHP Warning:  mysqli_query() expects parameter 1 to be mysqli, boolean given in C:\Users\WoZymandias\AppData\Roaming\Appsolute\MAMP\pscripts\file-39452e33-e76e-4620-9493-6c32cb6c23ac.php on line 13
[12-Sep-2022 00:57:18 UTC] PHP Warning:  mysqli_fetch_assoc() expects parameter 1 to be mysqli_result, null given in C:\Users\WoZymandias\AppData\Roaming\Appsolute\MAMP\pscripts\file-39452e33-e76e-4620-9493-6c32cb6c23ac.php on line 16
[12-Sep-2022 00:57:18 UTC] PHP Warning:  mysqli_close() expects parameter 1 to be mysqli, boolean given in C:\Users\WoZymandias\AppData\Roaming\Appsolute\MAMP\pscripts\file-39452e33-e76e-4620-9493-6c32cb6c23ac.php on line 21
[12-Sep-2022 01:00:14 UTC] PHP Warning:  Undefined array key "sName" in C:\MAMP\htdocs\Week8-PracticalFiles\exercise3.php on line 5
[13-Sep-2022 00:43:54 UTC] PHP Warning:  mysqli_connect(): (HY000/1045): Access denied for user 'root'@'localhost' (using password: NO) in C:\Users\WoZymandias\AppData\Roaming\Appsolute\MAMP\pscripts\file-16908f15-3116-419b-8227-1b3c5f1367f4.php on line 3
[13-Sep-2022 00:43:54 UTC] PHP Warning:  mysqli_query() expects parameter 1 to be mysqli, boolean given in C:\Users\WoZymandias\AppData\Roaming\Appsolute\MAMP\pscripts\file-16908f15-3116-419b-8227-1b3c5f1367f4.php on line 12
[13-Sep-2022 00:43:54 UTC] PHP Warning:  mysqli_query() expects parameter 1 to be mysqli, boolean given in C:\Users\WoZymandias\AppData\Roaming\Appsolute\MAMP\pscripts\file-16908f15-3116-419b-8227-1b3c5f1367f4.php on line 13
[13-Sep-2022 00:43:54 UTC] PHP Warning:  mysqli_fetch_assoc() expects parameter 1 to be mysqli_result, null given in C:\Users\WoZymandias\AppData\Roaming\Appsolute\MAMP\pscripts\file-16908f15-3116-419b-8227-1b3c5f1367f4.php on line 16
[13-Sep-2022 00:43:54 UTC] PHP Warning:  mysqli_close() expects parameter 1 to be mysqli, boolean given in C:\Users\WoZymandias\AppData\Roaming\Appsolute\MAMP\pscripts\file-16908f15-3116-419b-8227-1b3c5f1367f4.php on line 21
[13-Sep-2022 00:45:18 UTC] PHP Warning:  Undefined array key "sName" in C:\MAMP\htdocs\Week8-PracticalFiles\exercise2.php on line 12
[13-Sep-2022 00:45:18 UTC] PHP Warning:  Undefined array key "sID" in C:\MAMP\htdocs\Week8-PracticalFiles\exercise2.php on line 13
[13-Sep-2022 00:45:18 UTC] PHP Warning:  Undefined array key "studenttype" in C:\MAMP\htdocs\Week8-PracticalFiles\exercise2.php on line 14
[13-Sep-2022 00:45:18 UTC] PHP Warning:  Undefined array key "address" in C:\MAMP\htdocs\Week8-PracticalFiles\exercise2.php on line 15
[13-Sep-2022 00:45:18 UTC] PHP Warning:  Undefined array key "Inquiry" in C:\MAMP\htdocs\Week8-PracticalFiles\exercise2.php on line 16
[13-Sep-2022 00:46:19 UTC] PHP Warning:  Undefined array key "sName" in C:\MAMP\htdocs\Week8-PracticalFiles\exercise2.php on line 12
[13-Sep-2022 00:46:19 UTC] PHP Warning:  Undefined array key "sID" in C:\MAMP\htdocs\Week8-PracticalFiles\exercise2.php on line 13
[13-Sep-2022 00:46:19 UTC] PHP Warning:  Undefined array key "studenttype" in C:\MAMP\htdocs\Week8-PracticalFiles\exercise2.php on line 14
[13-Sep-2022 00:46:19 UTC] PHP Warning:  Undefined array key "address" in C:\MAMP\htdocs\Week8-PracticalFiles\exercise2.php on line 15
[13-Sep-2022 00:46:19 UTC] PHP Warning:  Undefined array key "Inquiry" in C:\MAMP\htdocs\Week8-PracticalFiles\exercise2.php on line 16
[13-Sep-2022 00:49:57 UTC] PHP Warning:  Undefined array key "sID" in C:\MAMP\htdocs\Week8-PracticalFiles\exercise2.php on line 13
[13-Sep-2022 00:49:57 UTC] PHP Warning:  Undefined array key "studenttype" in C:\MAMP\htdocs\Week8-PracticalFiles\exercise2.php on line 14
[13-Sep-2022 00:49:57 UTC] PHP Warning:  Undefined array key "address" in C:\MAMP\htdocs\Week8-PracticalFiles\exercise2.php on line 15
[13-Sep-2022 00:49:57 UTC] PHP Warning:  Undefined array key "Inquiry" in C:\MAMP\htdocs\Week8-PracticalFiles\exercise2.php on line 16
[13-Sep-2022 00:55:31 UTC] PHP Warning:  Undefined array key "studenttype" in C:\MAMP\htdocs\Week8-PracticalFiles\exercise2.php on line 14
[13-Sep-2022 00:56:09 UTC] PHP Warning:  Undefined array key "studenttype" in C:\MAMP\htdocs\Week8-PracticalFiles\exercise2.php on line 14
[13-Sep-2022 00:56:09 UTC] PHP Warning:  Undefined array key "Inquiry[]" in C:\MAMP\htdocs\Week8-PracticalFiles\exercise2.php on line 26
[13-Sep-2022 00:56:39 UTC] PHP Warning:  Undefined array key "studenttype" in C:\MAMP\htdocs\Week8-PracticalFiles\exercise2.php on line 14
[13-Sep-2022 01:03:06 UTC] PHP Warning:  Undefined array key "studenttype" in C:\MAMP\htdocs\Week8-PracticalFiles\exercise2.php on line 14
[13-Sep-2022 01:03:08 UTC] PHP Warning:  Undefined array key "studentType" in C:\MAMP\htdocs\Week8-PracticalFiles\exercise2.php on line 19
[13-Sep-2022 01:03:14 UTC] PHP Warning:  Undefined array key "studentType" in C:\MAMP\htdocs\Week8-PracticalFiles\exercise2.php on line 19
[13-Sep-2022 01:03:45 UTC] PHP Warning:  Undefined array key "studentType" in C:\MAMP\htdocs\Week8-PracticalFiles\exercise2.php on line 19
[13-Sep-2022 01:03:45 UTC] PHP Warning:  Undefined variable $inquiry in C:\MAMP\htdocs\Week8-PracticalFiles\exercise2.php on line 48
[13-Sep-2022 01:06:58 UTC] PHP Warning:  Undefined array key "studentType" in C:\MAMP\htdocs\Week8-PracticalFiles\exercise2.php on line 19
[13-Sep-2022 01:07:05 UTC] PHP Warning:  Undefined array key "studentType" in C:\MAMP\htdocs\Week8-PracticalFiles\exercise2.php on line 19
[13-Sep-2022 01:07:53 UTC] PHP Warning:  Undefined array key "studentType" in C:\MAMP\htdocs\Week8-PracticalFiles\exercise2.php on line 19
[13-Sep-2022 01:09:54 UTC] PHP Warning:  Undefined array key "studentType" in C:\MAMP\htdocs\Week8-PracticalFiles\exercise2.php on line 19
[13-Sep-2022 01:09:54 UTC] PHP Warning:  Undefined variable $inquiry in C:\MAMP\htdocs\Week8-PracticalFiles\exercise2.php on line 51
[13-Sep-2022 01:10:02 UTC] PHP Warning:  Undefined array key "studentType" in C:\MAMP\htdocs\Week8-PracticalFiles\exercise2.php on line 19
[13-Sep-2022 01:13:31 UTC] PHP Warning:  Undefined array key "studentType" in C:\MAMP\htdocs\Week8-PracticalFiles\exercise2.php on line 19
[13-Sep-2022 01:14:59 UTC] PHP Warning:  Undefined array key "studentType" in C:\MAMP\htdocs\Week8-PracticalFiles\exercise2.php on line 19
[13-Sep-2022 01:14:59 UTC] PHP Fatal error:  Uncaught TypeError: count(): Argument #1 ($var) must be of type Countable|array, string given in C:\MAMP\htdocs\Week8-PracticalFiles\exercise2.php:46
Stack trace:
#0 {main}
  thrown in C:\MAMP\htdocs\Week8-PracticalFiles\exercise2.php on line 46
[13-Sep-2022 01:15:14 UTC] PHP Warning:  Undefined array key "studentType" in C:\MAMP\htdocs\Week8-PracticalFiles\exercise2.php on line 19
[13-Sep-2022 01:15:14 UTC] PHP Fatal error:  Uncaught TypeError: count(): Argument #1 ($var) must be of type Countable|array, string given in C:\MAMP\htdocs\Week8-PracticalFiles\exercise2.php:46
Stack trace:
#0 {main}
  thrown in C:\MAMP\htdocs\Week8-PracticalFiles\exercise2.php on line 46
[13-Sep-2022 01:15:40 UTC] PHP Warning:  Undefined array key "studentType" in C:\MAMP\htdocs\Week8-PracticalFiles\exercise2.php on line 19
[13-Sep-2022 01:15:40 UTC] PHP Fatal error:  Uncaught TypeError: count(): Argument #1 ($var) must be of type Countable|array, string given in C:\MAMP\htdocs\Week8-PracticalFiles\exercise2.php:46
Stack trace:
#0 {main}
  thrown in C:\MAMP\htdocs\Week8-PracticalFiles\exercise2.php on line 46
[13-Sep-2022 01:15:48 UTC] PHP Warning:  Undefined array key "studentType" in C:\MAMP\htdocs\Week8-PracticalFiles\exercise2.php on line 19
[13-Sep-2022 01:15:48 UTC] PHP Fatal error:  Uncaught TypeError: count(): Argument #1 ($var) must be of type Countable|array, string given in C:\MAMP\htdocs\Week8-PracticalFiles\exercise2.php:46
Stack trace:
#0 {main}
  thrown in C:\MAMP\htdocs\Week8-PracticalFiles\exercise2.php on line 46
[13-Sep-2022 01:16:28 UTC] PHP Warning:  Undefined array key "studentType" in C:\MAMP\htdocs\Week8-PracticalFiles\exercise2.php on line 19
[13-Sep-2022 01:16:28 UTC] PHP Fatal error:  Uncaught TypeError: count(): Argument #1 ($var) must be of type Countable|array, string given in C:\MAMP\htdocs\Week8-PracticalFiles\exercise2.php:46
Stack trace:
#0 {main}
  thrown in C:\MAMP\htdocs\Week8-PracticalFiles\exercise2.php on line 46
[13-Sep-2022 01:16:29 UTC] PHP Warning:  Undefined array key "studentType" in C:\MAMP\htdocs\Week8-PracticalFiles\exercise2.php on line 19
[13-Sep-2022 01:16:29 UTC] PHP Fatal error:  Uncaught TypeError: count(): Argument #1 ($var) must be of type Countable|array, string given in C:\MAMP\htdocs\Week8-PracticalFiles\exercise2.php:46
Stack trace:
#0 {main}
  thrown in C:\MAMP\htdocs\Week8-PracticalFiles\exercise2.php on line 46
[13-Sep-2022 01:16:31 UTC] PHP Warning:  Undefined array key "studentType" in C:\MAMP\htdocs\Week8-PracticalFiles\exercise2.php on line 19
[13-Sep-2022 01:16:31 UTC] PHP Fatal error:  Uncaught TypeError: count(): Argument #1 ($var) must be of type Countable|array, string given in C:\MAMP\htdocs\Week8-PracticalFiles\exercise2.php:46
Stack trace:
#0 {main}
  thrown in C:\MAMP\htdocs\Week8-PracticalFiles\exercise2.php on line 46
[13-Sep-2022 01:17:18 UTC] PHP Warning:  Undefined array key "studentType" in C:\MAMP\htdocs\Week8-PracticalFiles\exercise2.php on line 19
[13-Sep-2022 01:17:18 UTC] PHP Fatal error:  Uncaught TypeError: count(): Argument #1 ($var) must be of type Countable|array, string given in C:\MAMP\htdocs\Week8-PracticalFiles\exercise2.php:46
Stack trace:
#0 {main}
  thrown in C:\MAMP\htdocs\Week8-PracticalFiles\exercise2.php on line 46
[13-Sep-2022 01:17:19 UTC] PHP Warning:  Undefined array key "studentType" in C:\MAMP\htdocs\Week8-PracticalFiles\exercise2.php on line 19
[13-Sep-2022 01:17:19 UTC] PHP Fatal error:  Uncaught TypeError: count(): Argument #1 ($var) must be of type Countable|array, string given in C:\MAMP\htdocs\Week8-PracticalFiles\exercise2.php:46
Stack trace:
#0 {main}
  thrown in C:\MAMP\htdocs\Week8-PracticalFiles\exercise2.php on line 46
[13-Sep-2022 01:17:21 UTC] PHP Warning:  Undefined array key "studentType" in C:\MAMP\htdocs\Week8-PracticalFiles\exercise2.php on line 19
[13-Sep-2022 01:17:21 UTC] PHP Fatal error:  Uncaught TypeError: count(): Argument #1 ($var) must be of type Countable|array, string given in C:\MAMP\htdocs\Week8-PracticalFiles\exercise2.php:46
Stack trace:
#0 {main}
  thrown in C:\MAMP\htdocs\Week8-PracticalFiles\exercise2.php on line 46
[13-Sep-2022 01:18:08 UTC] PHP Warning:  Undefined array key "studentType" in C:\MAMP\htdocs\Week8-PracticalFiles\exercise2.php on line 19
[13-Sep-2022 01:18:08 UTC] PHP Fatal error:  Uncaught TypeError: count(): Argument #1 ($var) must be of type Countable|array, string given in C:\MAMP\htdocs\Week8-PracticalFiles\exercise2.php:42
Stack trace:
#0 {main}
  thrown in C:\MAMP\htdocs\Week8-PracticalFiles\exercise2.php on line 42
[13-Sep-2022 01:19:03 UTC] PHP Warning:  Undefined array key "studentType" in C:\MAMP\htdocs\Week8-PracticalFiles\exercise2.php on line 19
[13-Sep-2022 01:19:03 UTC] PHP Warning:  Undefined variable $inquiry in C:\MAMP\htdocs\Week8-PracticalFiles\exercise2.php on line 51
[13-Sep-2022 01:19:33 UTC] PHP Warning:  Undefined array key "studentType" in C:\MAMP\htdocs\Week8-PracticalFiles\exercise2.php on line 22
[13-Sep-2022 01:26:04 UTC] PHP Parse error:  Unclosed '{' on line 40 in C:\MAMP\htdocs\Week8-PracticalFiles\exercise2.php on line 53
[13-Sep-2022 01:26:30 UTC] PHP Parse error:  Unclosed '{' on line 40 in C:\MAMP\htdocs\Week8-PracticalFiles\exercise2.php on line 53
[13-Sep-2022 01:28:40 UTC] PHP Warning:  Undefined array key "Inquiry" in C:\MAMP\htdocs\Week8-PracticalFiles\exercise2.php on line 23
[13-Sep-2022 01:28:40 UTC] PHP Warning:  Undefined array key "Inquiry" in C:\MAMP\htdocs\Week8-PracticalFiles\exercise2.php on line 37
[13-Sep-2022 01:28:44 UTC] PHP Fatal error:  Uncaught TypeError: count(): Argument #1 ($var) must be of type Countable|array, string given in C:\MAMP\htdocs\Week8-PracticalFiles\exercise2.php:43
Stack trace:
#0 {main}
  thrown in C:\MAMP\htdocs\Week8-PracticalFiles\exercise2.php on line 43
[13-Sep-2022 01:30:33 UTC] PHP Fatal error:  Uncaught TypeError: count(): Argument #1 ($var) must be of type Countable|array, string given in C:\MAMP\htdocs\Week8-PracticalFiles\exercise2.php:43
Stack trace:
#0 {main}
  thrown in C:\MAMP\htdocs\Week8-PracticalFiles\exercise2.php on line 43
[13-Sep-2022 01:31:49 UTC] PHP Fatal error:  Uncaught TypeError: count(): Argument #1 ($var) must be of type Countable|array, string given in C:\MAMP\htdocs\Week8-PracticalFiles\exercise2.php:42
Stack trace:
#0 {main}
  thrown in C:\MAMP\htdocs\Week8-PracticalFiles\exercise2.php on line 42
[13-Sep-2022 01:32:03 UTC] PHP Fatal error:  Uncaught TypeError: count(): Argument #1 ($var) must be of type Countable|array, string given in C:\MAMP\htdocs\Week8-PracticalFiles\exercise2.php:41
Stack trace:
#0 {main}
  thrown in C:\MAMP\htdocs\Week8-PracticalFiles\exercise2.php on line 41
[13-Sep-2022 01:34:26 UTC] PHP Fatal error:  Uncaught TypeError: count(): Argument #1 ($var) must be of type Countable|array, string given in C:\MAMP\htdocs\Week8-PracticalFiles\exercise2.php:41
Stack trace:
#0 {main}
  thrown in C:\MAMP\htdocs\Week8-PracticalFiles\exercise2.php on line 41
[13-Sep-2022 01:34:35 UTC] PHP Warning:  Undefined array key "Inquiry" in C:\MAMP\htdocs\Week8-PracticalFiles\exercise2.php on line 35
[13-Sep-2022 01:35:15 UTC] PHP Fatal error:  Uncaught TypeError: count(): Argument #1 ($var) must be of type Countable|array, string given in C:\MAMP\htdocs\Week8-PracticalFiles\exercise2.php:39
Stack trace:
#0 {main}
  thrown in C:\MAMP\htdocs\Week8-PracticalFiles\exercise2.php on line 39
[13-Sep-2022 01:35:36 UTC] PHP Fatal error:  Uncaught TypeError: count(): Argument #1 ($var) must be of type Countable|array, string given in C:\MAMP\htdocs\Week8-PracticalFiles\exercise2.php:39
Stack trace:
#0 {main}
  thrown in C:\MAMP\htdocs\Week8-PracticalFiles\exercise2.php on line 39
[13-Sep-2022 01:36:00 UTC] PHP Fatal error:  Uncaught TypeError: count(): Argument #1 ($var) must be of type Countable|array, string given in C:\MAMP\htdocs\Week8-PracticalFiles\exercise2.php:39
Stack trace:
#0 {main}
  thrown in C:\MAMP\htdocs\Week8-PracticalFiles\exercise2.php on line 39
[13-Sep-2022 01:36:57 UTC] PHP Fatal error:  Uncaught TypeError: count(): Argument #1 ($var) must be of type Countable|array, string given in C:\MAMP\htdocs\Week8-PracticalFiles\exercise2.php:39
Stack trace:
#0 {main}
  thrown in C:\MAMP\htdocs\Week8-PracticalFiles\exercise2.php on line 39
[13-Sep-2022 01:38:36 UTC] PHP Fatal error:  Uncaught TypeError: count(): Argument #1 ($var) must be of type Countable|array, string given in C:\MAMP\htdocs\Week8-PracticalFiles\exercise2.php:40
Stack trace:
#0 {main}
  thrown in C:\MAMP\htdocs\Week8-PracticalFiles\exercise2.php on line 40
[13-Sep-2022 02:18:36 UTC] PHP Warning:  Undefined variable $inquiries in C:\MAMP\htdocs\Week8-PracticalFiles\exercise2.php on line 40
[13-Sep-2022 02:18:36 UTC] PHP Fatal error:  Uncaught TypeError: count(): Argument #1 ($var) must be of type Countable|array, null given in C:\MAMP\htdocs\Week8-PracticalFiles\exercise2.php:40
Stack trace:
#0 {main}
  thrown in C:\MAMP\htdocs\Week8-PracticalFiles\exercise2.php on line 40
[13-Sep-2022 03:17:36 UTC] PHP Warning:  Undefined array key "sName" in C:\MAMP\htdocs\Week8-PracticalFiles\exercise3.php on line 5
[13-Sep-2022 03:17:36 UTC] PHP Warning:  Undefined variable $sID in C:\MAMP\htdocs\Week8-PracticalFiles\exercise3.php on line 62
[13-Sep-2022 03:17:40 UTC] PHP Warning:  Undefined variable $sID in C:\MAMP\htdocs\Week8-PracticalFiles\exercise3.php on line 62
[13-Sep-2022 03:17:52 UTC] PHP Warning:  Undefined variable $sID in C:\MAMP\htdocs\Week8-PracticalFiles\exercise3.php on line 62
[13-Sep-2022 03:18:02 UTC] PHP Warning:  Undefined variable $sID in C:\MAMP\htdocs\Week8-PracticalFiles\exercise3.php on line 62
[13-Sep-2022 03:18:19 UTC] PHP Warning:  Undefined variable $sID in C:\MAMP\htdocs\Week8-PracticalFiles\exercise3.php on line 62
[13-Sep-2022 03:20:03 UTC] PHP Warning:  Undefined array key "studenttype" in C:\MAMP\htdocs\Week8-PracticalFiles\exercise3.php on line 7
[13-Sep-2022 03:22:45 UTC] PHP Warning:  Array to string conversion in C:\MAMP\htdocs\Week8-PracticalFiles\exercise3.php on line 71
[13-Sep-2022 03:23:33 UTC] PHP Warning:  Undefined variable $inquiries in C:\MAMP\htdocs\Week8-PracticalFiles\exercise3.php on line 76
[13-Sep-2022 03:23:33 UTC] PHP Fatal error:  Uncaught TypeError: count(): Argument #1 ($var) must be of type Countable|array, null given in C:\MAMP\htdocs\Week8-PracticalFiles\exercise3.php:76
Stack trace:
#0 {main}
  thrown in C:\MAMP\htdocs\Week8-PracticalFiles\exercise3.php on line 76
[13-Sep-2022 03:23:33 UTC] PHP Warning:  Undefined array key "studenttype" in C:\MAMP\htdocs\Week8-PracticalFiles\exercise3.php on line 7
[13-Sep-2022 03:23:33 UTC] PHP Warning:  Undefined array key "Inquiry" in C:\MAMP\htdocs\Week8-PracticalFiles\exercise3.php on line 9
[13-Sep-2022 03:23:34 UTC] PHP Warning:  Undefined array key "studenttype" in C:\MAMP\htdocs\Week8-PracticalFiles\exercise3.php on line 7
[13-Sep-2022 03:23:34 UTC] PHP Warning:  Undefined array key "Inquiry" in C:\MAMP\htdocs\Week8-PracticalFiles\exercise3.php on line 9
[13-Sep-2022 03:25:20 UTC] PHP Warning:  Undefined array key "sName" in C:\MAMP\htdocs\Week8-PracticalFiles\exercise3.php on line 5
[13-Sep-2022 03:25:20 UTC] PHP Warning:  Undefined array key "sID" in C:\MAMP\htdocs\Week8-PracticalFiles\exercise3.php on line 6
[13-Sep-2022 03:25:20 UTC] PHP Warning:  Undefined array key "studenttype" in C:\MAMP\htdocs\Week8-PracticalFiles\exercise3.php on line 7
[13-Sep-2022 03:25:20 UTC] PHP Warning:  Undefined array key "address" in C:\MAMP\htdocs\Week8-PracticalFiles\exercise3.php on line 8
[13-Sep-2022 03:25:20 UTC] PHP Warning:  Undefined array key "Inquiry" in C:\MAMP\htdocs\Week8-PracticalFiles\exercise3.php on line 9
[13-Sep-2022 03:25:32 UTC] PHP Warning:  Undefined variable $inquiries in C:\MAMP\htdocs\Week8-PracticalFiles\exercise2.php on line 40
[13-Sep-2022 03:25:32 UTC] PHP Fatal error:  Uncaught TypeError: count(): Argument #1 ($var) must be of type Countable|array, null given in C:\MAMP\htdocs\Week8-PracticalFiles\exercise2.php:40
Stack trace:
#0 {main}
  thrown in C:\MAMP\htdocs\Week8-PracticalFiles\exercise2.php on line 40
[13-Sep-2022 03:30:39 UTC] PHP Warning:  mysqli::__construct(): (HY000/1045): Access denied for user 'root'@'localhost' (using password: NO) in C:\MAMP\htdocs\Week9-PracticalFiles\dbConn.php on line 4
[13-Sep-2022 03:33:05 UTC] PHP Warning:  mysqli_connect(): (HY000/1045): Access denied for user 'root'@'localhost' (using password: NO) in C:\Users\WoZymandias\AppData\Roaming\Appsolute\MAMP\pscripts\file-51e5cbcb-581a-4ebf-8dfb-af94db987590.php on line 3
[13-Sep-2022 03:33:05 UTC] PHP Warning:  mysqli_query() expects parameter 1 to be mysqli, boolean given in C:\Users\WoZymandias\AppData\Roaming\Appsolute\MAMP\pscripts\file-51e5cbcb-581a-4ebf-8dfb-af94db987590.php on line 12
[13-Sep-2022 03:33:05 UTC] PHP Warning:  mysqli_query() expects parameter 1 to be mysqli, boolean given in C:\Users\WoZymandias\AppData\Roaming\Appsolute\MAMP\pscripts\file-51e5cbcb-581a-4ebf-8dfb-af94db987590.php on line 13
[13-Sep-2022 03:33:05 UTC] PHP Warning:  mysqli_fetch_assoc() expects parameter 1 to be mysqli_result, null given in C:\Users\WoZymandias\AppData\Roaming\Appsolute\MAMP\pscripts\file-51e5cbcb-581a-4ebf-8dfb-af94db987590.php on line 16
[13-Sep-2022 03:33:05 UTC] PHP Warning:  mysqli_close() expects parameter 1 to be mysqli, boolean given in C:\Users\WoZymandias\AppData\Roaming\Appsolute\MAMP\pscripts\file-51e5cbcb-581a-4ebf-8dfb-af94db987590.php on line 21
[13-Sep-2022 04:36:23 UTC] PHP Warning:  mysqli::__construct(): (HY000/1045): Access denied for user 'root'@'localhost' (using password: NO) in C:\MAMP\htdocs\Week9-PracticalFiles\exercise1.php on line 9
[13-Sep-2022 04:38:45 UTC] PHP Warning:  mysqli_connect(): (HY000/1045): Access denied for user 'root'@'localhost' (using password: YES) in Command line code on line 1
[13-Sep-2022 04:38:45 UTC] PHP Warning:  mysqli_query() expects parameter 1 to be mysqli, boolean given in Command line code on line 1
[13-Sep-2022 04:38:45 UTC] PHP Warning:  mysqli_fetch_assoc() expects parameter 1 to be mysqli_result, null given in Command line code on line 1
[13-Sep-2022 04:38:45 UTC] PHP Warning:  mysqli_close() expects parameter 1 to be mysqli, boolean given in Command line code on line 1
[13-Sep-2022 04:39:16 UTC] PHP Warning:  mysqli_fetch_assoc() expects parameter 1 to be mysqli_result, boolean given in C:\Users\WoZymandias\AppData\Roaming\Appsolute\MAMP\pscripts\file-105d5179-9e13-4179-bd14-318b4bef9a1d.php on line 16
[13-Sep-2022 04:41:51 UTC] PHP Warning:  mysqli_connect(): (HY000/1045): Access denied for user 'root'@'localhost' (using password: NO) in C:\Users\WoZymandias\AppData\Roaming\Appsolute\MAMP\pscripts\file-9b30c0fe-c6e8-48b4-beba-606a1ce7de59.php on line 3
[13-Sep-2022 04:41:51 UTC] PHP Warning:  mysqli_query() expects parameter 1 to be mysqli, boolean given in C:\Users\WoZymandias\AppData\Roaming\Appsolute\MAMP\pscripts\file-9b30c0fe-c6e8-48b4-beba-606a1ce7de59.php on line 12
[13-Sep-2022 04:41:51 UTC] PHP Warning:  mysqli_query() expects parameter 1 to be mysqli, boolean given in C:\Users\WoZymandias\AppData\Roaming\Appsolute\MAMP\pscripts\file-9b30c0fe-c6e8-48b4-beba-606a1ce7de59.php on line 13
[13-Sep-2022 04:41:51 UTC] PHP Warning:  mysqli_fetch_assoc() expects parameter 1 to be mysqli_result, null given in C:\Users\WoZymandias\AppData\Roaming\Appsolute\MAMP\pscripts\file-9b30c0fe-c6e8-48b4-beba-606a1ce7de59.php on line 16
[13-Sep-2022 04:41:51 UTC] PHP Warning:  mysqli_close() expects parameter 1 to be mysqli, boolean given in C:\Users\WoZymandias\AppData\Roaming\Appsolute\MAMP\pscripts\file-9b30c0fe-c6e8-48b4-beba-606a1ce7de59.php on line 21
[13-Sep-2022 04:41:56 UTC] PHP Warning:  mysqli_connect(): (HY000/1045): Access denied for user 'root'@'localhost' (using password: YES) in Command line code on line 1
[13-Sep-2022 04:41:56 UTC] PHP Warning:  mysqli_query() expects parameter 1 to be mysqli, boolean given in Command line code on line 1
[13-Sep-2022 04:41:56 UTC] PHP Warning:  mysqli_fetch_assoc() expects parameter 1 to be mysqli_result, null given in Command line code on line 1
[13-Sep-2022 04:41:56 UTC] PHP Warning:  mysqli_close() expects parameter 1 to be mysqli, boolean given in Command line code on line 1
[13-Sep-2022 04:43:16 UTC] PHP Warning:  mysqli_connect(): (HY000/1045): Access denied for user 'root'@'localhost' (using password: NO) in C:\Users\WoZymandias\AppData\Roaming\Appsolute\MAMP\pscripts\file-d38055b6-a4f2-45f3-ab8d-215df91c5f45.php on line 3
[13-Sep-2022 04:43:16 UTC] PHP Warning:  mysqli_query() expects parameter 1 to be mysqli, boolean given in C:\Users\WoZymandias\AppData\Roaming\Appsolute\MAMP\pscripts\file-d38055b6-a4f2-45f3-ab8d-215df91c5f45.php on line 12
[13-Sep-2022 04:43:16 UTC] PHP Warning:  mysqli_query() expects parameter 1 to be mysqli, boolean given in C:\Users\WoZymandias\AppData\Roaming\Appsolute\MAMP\pscripts\file-d38055b6-a4f2-45f3-ab8d-215df91c5f45.php on line 13
[13-Sep-2022 04:43:16 UTC] PHP Warning:  mysqli_fetch_assoc() expects parameter 1 to be mysqli_result, null given in C:\Users\WoZymandias\AppData\Roaming\Appsolute\MAMP\pscripts\file-d38055b6-a4f2-45f3-ab8d-215df91c5f45.php on line 16
[13-Sep-2022 04:43:16 UTC] PHP Warning:  mysqli_close() expects parameter 1 to be mysqli, boolean given in C:\Users\WoZymandias\AppData\Roaming\Appsolute\MAMP\pscripts\file-d38055b6-a4f2-45f3-ab8d-215df91c5f45.php on line 21
[13-Sep-2022 04:43:34 UTC] PHP Warning:  mysqli_connect(): (HY000/1045): Access denied for user 'root'@'localhost' (using password: YES) in Command line code on line 1
[13-Sep-2022 04:43:34 UTC] PHP Warning:  mysqli_query() expects parameter 1 to be mysqli, boolean given in Command line code on line 1
[13-Sep-2022 04:43:34 UTC] PHP Warning:  mysqli_fetch_assoc() expects parameter 1 to be mysqli_result, null given in Command line code on line 1
[13-Sep-2022 04:43:34 UTC] PHP Warning:  mysqli_close() expects parameter 1 to be mysqli, boolean given in Command line code on line 1
[13-Sep-2022 04:45:02 UTC] PHP Warning:  mysqli_connect(): (HY000/1045): Access denied for user 'root'@'localhost' (using password: YES) in Command line code on line 1
[13-Sep-2022 04:45:02 UTC] PHP Warning:  mysqli_query() expects parameter 1 to be mysqli, boolean given in Command line code on line 1
[13-Sep-2022 04:45:02 UTC] PHP Warning:  mysqli_fetch_assoc() expects parameter 1 to be mysqli_result, null given in Command line code on line 1
[13-Sep-2022 04:45:02 UTC] PHP Warning:  mysqli_close() expects parameter 1 to be mysqli, boolean given in Command line code on line 1
[13-Sep-2022 04:45:46 UTC] PHP Warning:  mysqli_connect(): (HY000/2002): No connection could be made because the target machine actively refused it.
 in Command line code on line 1
[13-Sep-2022 04:45:46 UTC] PHP Warning:  mysqli_query() expects parameter 1 to be mysqli, boolean given in Command line code on line 1
[13-Sep-2022 04:45:46 UTC] PHP Warning:  mysqli_fetch_assoc() expects parameter 1 to be mysqli_result, null given in Command line code on line 1
[13-Sep-2022 04:45:46 UTC] PHP Warning:  mysqli_close() expects parameter 1 to be mysqli, boolean given in Command line code on line 1
[13-Sep-2022 04:46:25 UTC] PHP Warning:  mysqli_connect(): (HY000/2002): No connection could be made because the target machine actively refused it.
 in Command line code on line 1
[13-Sep-2022 04:46:25 UTC] PHP Warning:  mysqli_query() expects parameter 1 to be mysqli, boolean given in Command line code on line 1
[13-Sep-2022 04:46:25 UTC] PHP Warning:  mysqli_fetch_assoc() expects parameter 1 to be mysqli_result, null given in Command line code on line 1
[13-Sep-2022 04:46:25 UTC] PHP Warning:  mysqli_close() expects parameter 1 to be mysqli, boolean given in Command line code on line 1
[13-Sep-2022 04:48:21 UTC] PHP Warning:  mysqli_connect(): (HY000/1045): Access denied for user 'root'@'localhost' (using password: NO) in C:\Users\WoZymandias\AppData\Roaming\Appsolute\MAMP\pscripts\file-7287ef69-3aa3-4238-b93c-b6880314fd39.php on line 3
[13-Sep-2022 04:48:21 UTC] PHP Warning:  mysqli_query() expects parameter 1 to be mysqli, boolean given in C:\Users\WoZymandias\AppData\Roaming\Appsolute\MAMP\pscripts\file-7287ef69-3aa3-4238-b93c-b6880314fd39.php on line 12
[13-Sep-2022 04:48:21 UTC] PHP Warning:  mysqli_query() expects parameter 1 to be mysqli, boolean given in C:\Users\WoZymandias\AppData\Roaming\Appsolute\MAMP\pscripts\file-7287ef69-3aa3-4238-b93c-b6880314fd39.php on line 13
[13-Sep-2022 04:48:21 UTC] PHP Warning:  mysqli_fetch_assoc() expects parameter 1 to be mysqli_result, null given in C:\Users\WoZymandias\AppData\Roaming\Appsolute\MAMP\pscripts\file-7287ef69-3aa3-4238-b93c-b6880314fd39.php on line 16
[13-Sep-2022 04:48:21 UTC] PHP Warning:  mysqli_close() expects parameter 1 to be mysqli, boolean given in C:\Users\WoZymandias\AppData\Roaming\Appsolute\MAMP\pscripts\file-7287ef69-3aa3-4238-b93c-b6880314fd39.php on line 21
[13-Sep-2022 04:49:42 UTC] PHP Warning:  mysqli_connect(): (HY000/1045): Access denied for user 'root'@'localhost' (using password: YES) in Command line code on line 1
[13-Sep-2022 04:49:42 UTC] PHP Warning:  mysqli_query() expects parameter 1 to be mysqli, boolean given in Command line code on line 1
[13-Sep-2022 04:49:42 UTC] PHP Warning:  mysqli_fetch_assoc() expects parameter 1 to be mysqli_result, null given in Command line code on line 1
[13-Sep-2022 04:49:42 UTC] PHP Warning:  mysqli_close() expects parameter 1 to be mysqli, boolean given in Command line code on line 1
[13-Sep-2022 04:51:16 UTC] PHP Warning:  mysqli_connect(): (HY000/1045): Access denied for user 'root'@'localhost' (using password: YES) in Command line code on line 1
[13-Sep-2022 04:51:16 UTC] PHP Warning:  mysqli_query() expects parameter 1 to be mysqli, boolean given in Command line code on line 1
[13-Sep-2022 04:51:16 UTC] PHP Warning:  mysqli_fetch_assoc() expects parameter 1 to be mysqli_result, null given in Command line code on line 1
[13-Sep-2022 04:51:16 UTC] PHP Warning:  mysqli_close() expects parameter 1 to be mysqli, boolean given in Command line code on line 1
[13-Sep-2022 04:52:49 UTC] PHP Warning:  mysqli_connect(): (HY000/1045): Access denied for user 'root'@'localhost' (using password: NO) in C:\Users\WoZymandias\AppData\Roaming\Appsolute\MAMP\pscripts\file-997fea97-f708-4662-8582-3c0eeb83ba94.php on line 3
[13-Sep-2022 04:52:49 UTC] PHP Warning:  mysqli_query() expects parameter 1 to be mysqli, boolean given in C:\Users\WoZymandias\AppData\Roaming\Appsolute\MAMP\pscripts\file-997fea97-f708-4662-8582-3c0eeb83ba94.php on line 12
[13-Sep-2022 04:52:49 UTC] PHP Warning:  mysqli_query() expects parameter 1 to be mysqli, boolean given in C:\Users\WoZymandias\AppData\Roaming\Appsolute\MAMP\pscripts\file-997fea97-f708-4662-8582-3c0eeb83ba94.php on line 13
[13-Sep-2022 04:52:49 UTC] PHP Warning:  mysqli_fetch_assoc() expects parameter 1 to be mysqli_result, null given in C:\Users\WoZymandias\AppData\Roaming\Appsolute\MAMP\pscripts\file-997fea97-f708-4662-8582-3c0eeb83ba94.php on line 16
[13-Sep-2022 04:52:49 UTC] PHP Warning:  mysqli_close() expects parameter 1 to be mysqli, boolean given in C:\Users\WoZymandias\AppData\Roaming\Appsolute\MAMP\pscripts\file-997fea97-f708-4662-8582-3c0eeb83ba94.php on line 21
[13-Sep-2022 04:53:00 UTC] PHP Warning:  mysqli_connect(): (HY000/1045): Access denied for user 'root'@'localhost' (using password: YES) in Command line code on line 1
[13-Sep-2022 04:53:00 UTC] PHP Warning:  mysqli_query() expects parameter 1 to be mysqli, boolean given in Command line code on line 1
[13-Sep-2022 04:53:00 UTC] PHP Warning:  mysqli_fetch_assoc() expects parameter 1 to be mysqli_result, null given in Command line code on line 1
[13-Sep-2022 04:53:00 UTC] PHP Warning:  mysqli_close() expects parameter 1 to be mysqli, boolean given in Command line code on line 1
[13-Sep-2022 04:53:48 UTC] PHP Warning:  mysqli_connect(): (HY000/1045): Access denied for user 'root'@'localhost' (using password: NO) in C:\Users\WoZymandias\AppData\Roaming\Appsolute\MAMP\pscripts\file-9d2e45d5-f4b9-4034-9f39-996654b970f0.php on line 3
[13-Sep-2022 04:53:48 UTC] PHP Warning:  mysqli_query() expects parameter 1 to be mysqli, boolean given in C:\Users\WoZymandias\AppData\Roaming\Appsolute\MAMP\pscripts\file-9d2e45d5-f4b9-4034-9f39-996654b970f0.php on line 12
[13-Sep-2022 04:53:48 UTC] PHP Warning:  mysqli_query() expects parameter 1 to be mysqli, boolean given in C:\Users\WoZymandias\AppData\Roaming\Appsolute\MAMP\pscripts\file-9d2e45d5-f4b9-4034-9f39-996654b970f0.php on line 13
[13-Sep-2022 04:53:48 UTC] PHP Warning:  mysqli_fetch_assoc() expects parameter 1 to be mysqli_result, null given in C:\Users\WoZymandias\AppData\Roaming\Appsolute\MAMP\pscripts\file-9d2e45d5-f4b9-4034-9f39-996654b970f0.php on line 16
[13-Sep-2022 04:53:48 UTC] PHP Warning:  mysqli_close() expects parameter 1 to be mysqli, boolean given in C:\Users\WoZymandias\AppData\Roaming\Appsolute\MAMP\pscripts\file-9d2e45d5-f4b9-4034-9f39-996654b970f0.php on line 21
[13-Sep-2022 05:06:34 UTC] PHP Parse error:  Unclosed '{' on line 89 in C:\MAMP\htdocs\Week9-PracticalFiles\exercise1.php on line 121
[13-Sep-2022 05:06:36 UTC] PHP Parse error:  Unclosed '{' on line 89 in C:\MAMP\htdocs\Week9-PracticalFiles\exercise1.php on line 121
[13-Sep-2022 05:08:04 UTC] PHP Parse error:  Unclosed '{' on line 85 in C:\MAMP\htdocs\Week9-PracticalFiles\exercise1.php on line 117
[13-Sep-2022 05:08:06 UTC] PHP Parse error:  Unclosed '{' on line 85 in C:\MAMP\htdocs\Week9-PracticalFiles\exercise1.php on line 117
[13-Sep-2022 05:08:14 UTC] PHP Parse error:  Unclosed '{' on line 85 in C:\MAMP\htdocs\Week9-PracticalFiles\exercise1.php on line 117
[13-Sep-2022 05:11:09 UTC] PHP Warning:  Undefined array key "authorID" in C:\MAMP\htdocs\Week9-PracticalFiles\exercise1.php on line 88
[13-Sep-2022 05:11:09 UTC] PHP Warning:  Undefined array key "firstname" in C:\MAMP\htdocs\Week9-PracticalFiles\exercise1.php on line 91
[13-Sep-2022 05:11:09 UTC] PHP Warning:  Undefined array key "lastname" in C:\MAMP\htdocs\Week9-PracticalFiles\exercise1.php on line 96
[13-Sep-2022 05:11:09 UTC] PHP Warning:  Undefined array key "birthdate" in C:\MAMP\htdocs\Week9-PracticalFiles\exercise1.php on line 99
[13-Sep-2022 05:11:09 UTC] PHP Warning:  Undefined array key "phone" in C:\MAMP\htdocs\Week9-PracticalFiles\exercise1.php on line 102
[13-Sep-2022 05:11:09 UTC] PHP Warning:  Undefined array key "email" in C:\MAMP\htdocs\Week9-PracticalFiles\exercise1.php on line 105
[13-Sep-2022 05:11:09 UTC] PHP Warning:  Undefined array key "address" in C:\MAMP\htdocs\Week9-PracticalFiles\exercise1.php on line 108
[13-Sep-2022 05:11:09 UTC] PHP Warning:  Undefined array key "country" in C:\MAMP\htdocs\Week9-PracticalFiles\exercise1.php on line 111
[13-Sep-2022 05:11:09 UTC] PHP Warning:  Undefined array key "authorID" in C:\MAMP\htdocs\Week9-PracticalFiles\exercise1.php on line 88
[13-Sep-2022 05:11:09 UTC] PHP Warning:  Undefined array key "firstname" in C:\MAMP\htdocs\Week9-PracticalFiles\exercise1.php on line 91
[13-Sep-2022 05:11:09 UTC] PHP Warning:  Undefined array key "lastname" in C:\MAMP\htdocs\Week9-PracticalFiles\exercise1.php on line 96
[13-Sep-2022 05:11:09 UTC] PHP Warning:  Undefined array key "birthdate" in C:\MAMP\htdocs\Week9-PracticalFiles\exercise1.php on line 99
[13-Sep-2022 05:11:09 UTC] PHP Warning:  Undefined array key "phone" in C:\MAMP\htdocs\Week9-PracticalFiles\exercise1.php on line 102
[13-Sep-2022 05:11:09 UTC] PHP Warning:  Undefined array key "email" in C:\MAMP\htdocs\Week9-PracticalFiles\exercise1.php on line 105
[13-Sep-2022 05:11:09 UTC] PHP Warning:  Undefined array key "address" in C:\MAMP\htdocs\Week9-PracticalFiles\exercise1.php on line 108
[13-Sep-2022 05:11:09 UTC] PHP Warning:  Undefined array key "country" in C:\MAMP\htdocs\Week9-PracticalFiles\exercise1.php on line 111
[13-Sep-2022 05:11:09 UTC] PHP Fatal error:  Uncaught Error: mysqli object is already closed in C:\MAMP\htdocs\Week9-PracticalFiles\exercise1.php:114
Stack trace:
#0 C:\MAMP\htdocs\Week9-PracticalFiles\exercise1.php(114): mysqli->close()
#1 {main}
  thrown in C:\MAMP\htdocs\Week9-PracticalFiles\exercise1.php on line 114
[13-Sep-2022 05:12:28 UTC] PHP Fatal error:  Uncaught Error: mysqli object is already closed in C:\MAMP\htdocs\Week9-PracticalFiles\exercise1.php:114
Stack trace:
#0 C:\MAMP\htdocs\Week9-PracticalFiles\exercise1.php(114): mysqli->close()
#1 {main}
  thrown in C:\MAMP\htdocs\Week9-PracticalFiles\exercise1.php on line 114
[13-Sep-2022 05:12:30 UTC] PHP Fatal error:  Uncaught Error: mysqli object is already closed in C:\MAMP\htdocs\Week9-PracticalFiles\exercise1.php:114
Stack trace:
#0 C:\MAMP\htdocs\Week9-PracticalFiles\exercise1.php(114): mysqli->close()
#1 {main}
  thrown in C:\MAMP\htdocs\Week9-PracticalFiles\exercise1.php on line 114
[13-Sep-2022 05:13:06 UTC] PHP Fatal error:  Uncaught Error: mysqli object is already closed in C:\MAMP\htdocs\Week9-PracticalFiles\exercise1.php:112
Stack trace:
#0 C:\MAMP\htdocs\Week9-PracticalFiles\exercise1.php(112): mysqli->close()
#1 {main}
  thrown in C:\MAMP\htdocs\Week9-PracticalFiles\exercise1.php on line 112
[13-Sep-2022 05:13:06 UTC] PHP Fatal error:  Uncaught Error: mysqli object is already closed in C:\MAMP\htdocs\Week9-PracticalFiles\exercise1.php:112
Stack trace:
#0 C:\MAMP\htdocs\Week9-PracticalFiles\exercise1.php(112): mysqli->close()
#1 {main}
  thrown in C:\MAMP\htdocs\Week9-PracticalFiles\exercise1.php on line 112
[13-Sep-2022 05:13:06 UTC] PHP Fatal error:  Uncaught Error: mysqli object is already closed in C:\MAMP\htdocs\Week9-PracticalFiles\exercise1.php:112
Stack trace:
#0 C:\MAMP\htdocs\Week9-PracticalFiles\exercise1.php(112): mysqli->close()
#1 {main}
  thrown in C:\MAMP\htdocs\Week9-PracticalFiles\exercise1.php on line 112
[13-Sep-2022 05:13:10 UTC] PHP Fatal error:  Uncaught Error: mysqli object is already closed in C:\MAMP\htdocs\Week9-PracticalFiles\exercise1.php:112
Stack trace:
#0 C:\MAMP\htdocs\Week9-PracticalFiles\exercise1.php(112): mysqli->close()
#1 {main}
  thrown in C:\MAMP\htdocs\Week9-PracticalFiles\exercise1.php on line 112
[13-Sep-2022 05:14:12 UTC] PHP Fatal error:  Uncaught Error: mysqli object is already closed in C:\MAMP\htdocs\Week9-PracticalFiles\exercise1.php:111
Stack trace:
#0 C:\MAMP\htdocs\Week9-PracticalFiles\exercise1.php(111): mysqli->close()
#1 {main}
  thrown in C:\MAMP\htdocs\Week9-PracticalFiles\exercise1.php on line 111
[13-Sep-2022 05:14:13 UTC] PHP Fatal error:  Uncaught Error: mysqli object is already closed in C:\MAMP\htdocs\Week9-PracticalFiles\exercise1.php:111
Stack trace:
#0 C:\MAMP\htdocs\Week9-PracticalFiles\exercise1.php(111): mysqli->close()
#1 {main}
  thrown in C:\MAMP\htdocs\Week9-PracticalFiles\exercise1.php on line 111
[13-Sep-2022 05:14:13 UTC] PHP Fatal error:  Uncaught Error: mysqli object is already closed in C:\MAMP\htdocs\Week9-PracticalFiles\exercise1.php:111
Stack trace:
#0 C:\MAMP\htdocs\Week9-PracticalFiles\exercise1.php(111): mysqli->close()
#1 {main}
  thrown in C:\MAMP\htdocs\Week9-PracticalFiles\exercise1.php on line 111
[13-Sep-2022 05:14:13 UTC] PHP Fatal error:  Uncaught Error: mysqli object is already closed in C:\MAMP\htdocs\Week9-PracticalFiles\exercise1.php:111
Stack trace:
#0 C:\MAMP\htdocs\Week9-PracticalFiles\exercise1.php(111): mysqli->close()
#1 {main}
  thrown in C:\MAMP\htdocs\Week9-PracticalFiles\exercise1.php on line 111
[13-Sep-2022 05:14:34 UTC] PHP Warning:  Undefined array key "" in C:\MAMP\htdocs\Week9-PracticalFiles\exercise1.php on line 99
[13-Sep-2022 05:14:34 UTC] PHP Warning:  Undefined array key "" in C:\MAMP\htdocs\Week9-PracticalFiles\exercise1.php on line 99
[13-Sep-2022 05:14:34 UTC] PHP Fatal error:  Uncaught Error: mysqli object is already closed in C:\MAMP\htdocs\Week9-PracticalFiles\exercise1.php:111
Stack trace:
#0 C:\MAMP\htdocs\Week9-PracticalFiles\exercise1.php(111): mysqli->close()
#1 {main}
  thrown in C:\MAMP\htdocs\Week9-PracticalFiles\exercise1.php on line 111
[13-Sep-2022 05:14:40 UTC] PHP Fatal error:  Uncaught Error: mysqli object is already closed in C:\MAMP\htdocs\Week9-PracticalFiles\exercise1.php:111
Stack trace:
#0 C:\MAMP\htdocs\Week9-PracticalFiles\exercise1.php(111): mysqli->close()
#1 {main}
  thrown in C:\MAMP\htdocs\Week9-PracticalFiles\exercise1.php on line 111
[13-Sep-2022 05:15:20 UTC] PHP Fatal error:  Uncaught Error: mysqli object is already closed in C:\MAMP\htdocs\Week9-PracticalFiles\exercise1.php:111
Stack trace:
#0 C:\MAMP\htdocs\Week9-PracticalFiles\exercise1.php(111): mysqli->close()
#1 {main}
  thrown in C:\MAMP\htdocs\Week9-PracticalFiles\exercise1.php on line 111
[13-Sep-2022 05:16:10 UTC] PHP Fatal error:  Uncaught Error: mysqli object is already closed in C:\MAMP\htdocs\Week9-PracticalFiles\exercise1.php:111
Stack trace:
#0 C:\MAMP\htdocs\Week9-PracticalFiles\exercise1.php(111): mysqli->close()
#1 {main}
  thrown in C:\MAMP\htdocs\Week9-PracticalFiles\exercise1.php on line 111
[13-Sep-2022 05:21:23 UTC] PHP Warning:  Undefined variable $sql2 in C:\MAMP\htdocs\Week9-PracticalFiles\exercise1.php on line 70
[13-Sep-2022 05:21:23 UTC] PHP Fatal error:  Uncaught ValueError: mysqli::query(): Argument #1 ($query) cannot be empty in C:\MAMP\htdocs\Week9-PracticalFiles\exercise1.php:70
Stack trace:
#0 C:\MAMP\htdocs\Week9-PracticalFiles\exercise1.php(70): mysqli->query('')
#1 {main}
  thrown in C:\MAMP\htdocs\Week9-PracticalFiles\exercise1.php on line 70
[13-Sep-2022 05:21:24 UTC] PHP Warning:  Undefined variable $sql2 in C:\MAMP\htdocs\Week9-PracticalFiles\exercise1.php on line 70
[13-Sep-2022 05:21:24 UTC] PHP Fatal error:  Uncaught ValueError: mysqli::query(): Argument #1 ($query) cannot be empty in C:\MAMP\htdocs\Week9-PracticalFiles\exercise1.php:70
Stack trace:
#0 C:\MAMP\htdocs\Week9-PracticalFiles\exercise1.php(70): mysqli->query('')
#1 {main}
  thrown in C:\MAMP\htdocs\Week9-PracticalFiles\exercise1.php on line 70
[13-Sep-2022 05:21:37 UTC] PHP Fatal error:  Uncaught Error: mysqli object is already closed in C:\MAMP\htdocs\Week9-PracticalFiles\exercise1.php:112
Stack trace:
#0 C:\MAMP\htdocs\Week9-PracticalFiles\exercise1.php(112): mysqli->close()
#1 {main}
  thrown in C:\MAMP\htdocs\Week9-PracticalFiles\exercise1.php on line 112
[13-Sep-2022 05:21:38 UTC] PHP Fatal error:  Uncaught Error: mysqli object is already closed in C:\MAMP\htdocs\Week9-PracticalFiles\exercise1.php:112
Stack trace:
#0 C:\MAMP\htdocs\Week9-PracticalFiles\exercise1.php(112): mysqli->close()
#1 {main}
  thrown in C:\MAMP\htdocs\Week9-PracticalFiles\exercise1.php on line 112
[13-Sep-2022 05:22:47 UTC] PHP Fatal error:  Uncaught Error: mysqli object is already closed in C:\MAMP\htdocs\Week9-PracticalFiles\exercise1.php:112
Stack trace:
#0 C:\MAMP\htdocs\Week9-PracticalFiles\exercise1.php(112): mysqli->close()
#1 {main}
  thrown in C:\MAMP\htdocs\Week9-PracticalFiles\exercise1.php on line 112
[13-Sep-2022 05:30:05 UTC] PHP Fatal error:  Uncaught Error: mysqli object is already closed in C:\MAMP\htdocs\Week9-PracticalFiles\exercise1.php:95
Stack trace:
#0 C:\MAMP\htdocs\Week9-PracticalFiles\exercise1.php(95): mysqli->close()
#1 {main}
  thrown in C:\MAMP\htdocs\Week9-PracticalFiles\exercise1.php on line 95
[13-Sep-2022 05:34:44 UTC] PHP Warning:  Undefined array key "publishID " in C:\MAMP\htdocs\Week9-PracticalFiles\exercise1.php on line 116
[13-Sep-2022 05:34:44 UTC] PHP Warning:  Undefined array key "publishID " in C:\MAMP\htdocs\Week9-PracticalFiles\exercise1.php on line 116
[13-Sep-2022 05:34:44 UTC] PHP Warning:  Undefined array key "publishID " in C:\MAMP\htdocs\Week9-PracticalFiles\exercise1.php on line 116
[13-Sep-2022 05:34:44 UTC] PHP Warning:  Undefined array key "publishID " in C:\MAMP\htdocs\Week9-PracticalFiles\exercise1.php on line 116
[13-Sep-2022 05:45:37 UTC] PHP Parse error:  Unclosed '{' on line 15 in C:\MAMP\htdocs\Week9-PracticalFiles\exercise2.php on line 70
[13-Sep-2022 05:45:38 UTC] PHP Parse error:  Unclosed '{' on line 15 in C:\MAMP\htdocs\Week9-PracticalFiles\exercise2.php on line 70
[13-Sep-2022 05:47:56 UTC] PHP Warning:  mysqli::__construct(): (HY000/1045): Access denied for user 'root'@'localhost' (using password: NO) in C:\MAMP\htdocs\Week9-PracticalFiles\dbConn.php on line 4
[13-Sep-2022 05:48:01 UTC] PHP Warning:  mysqli::__construct(): (HY000/1045): Access denied for user 'root'@'localhost' (using password: NO) in C:\MAMP\htdocs\Week9-PracticalFiles\dbConn.php on line 4
[13-Sep-2022 05:48:01 UTC] PHP Warning:  mysqli::__construct(): (HY000/1045): Access denied for user 'root'@'localhost' (using password: NO) in C:\MAMP\htdocs\Week9-PracticalFiles\dbConn.php on line 4
[13-Sep-2022 05:48:17 UTC] PHP Warning:  Undefined variable $sql in C:\MAMP\htdocs\Week9-PracticalFiles\exercise2.php on line 11
[13-Sep-2022 05:48:17 UTC] PHP Fatal error:  Uncaught TypeError: Unsupported operand types: null - string in C:\MAMP\htdocs\Week9-PracticalFiles\exercise2.php:11
Stack trace:
#0 {main}
  thrown in C:\MAMP\htdocs\Week9-PracticalFiles\exercise2.php on line 11
[13-Sep-2022 05:48:20 UTC] PHP Warning:  Undefined variable $sql in C:\MAMP\htdocs\Week9-PracticalFiles\exercise2.php on line 11
[13-Sep-2022 05:48:20 UTC] PHP Fatal error:  Uncaught TypeError: Unsupported operand types: null - string in C:\MAMP\htdocs\Week9-PracticalFiles\exercise2.php:11
Stack trace:
#0 {main}
  thrown in C:\MAMP\htdocs\Week9-PracticalFiles\exercise2.php on line 11
[13-Sep-2022 05:48:20 UTC] PHP Warning:  Undefined variable $sql in C:\MAMP\htdocs\Week9-PracticalFiles\exercise2.php on line 11
[13-Sep-2022 05:48:20 UTC] PHP Fatal error:  Uncaught TypeError: Unsupported operand types: null - string in C:\MAMP\htdocs\Week9-PracticalFiles\exercise2.php:11
Stack trace:
#0 {main}
  thrown in C:\MAMP\htdocs\Week9-PracticalFiles\exercise2.php on line 11
[13-Sep-2022 05:48:21 UTC] PHP Warning:  Undefined variable $sql in C:\MAMP\htdocs\Week9-PracticalFiles\exercise2.php on line 11
[13-Sep-2022 05:48:21 UTC] PHP Fatal error:  Uncaught TypeError: Unsupported operand types: null - string in C:\MAMP\htdocs\Week9-PracticalFiles\exercise2.php:11
Stack trace:
#0 {main}
  thrown in C:\MAMP\htdocs\Week9-PracticalFiles\exercise2.php on line 11
